Arguments: 
  C:\Users\scyth\scoop\apps\nvm\current\nodejs\nodejs\node.exe C:\Users\scyth\scoop\apps\yarn\current\Yarn\bin\yarn.js

PATH: 
  C:\Program Files\Docker\Docker\Resources\bin;C:\Windows\system32;C:\Windows;C:\Windows\System32\Wbem;C:\Windows\System32\WindowsPowerShell\v1.0\;C:\Users\scyth\scoop\apps\yarn\current\Yarn\bin;C:\Users\scyth\scoop\apps\yarn\current\bin;C:\Users\scyth\scoop\apps\openjdk\current\bin;C:\Users\scyth\scoop\apps\nvm\current\nodejs\nodejs;C:\Users\scyth\scoop\shims;C:\Users\scyth\AppData\Local\Microsoft\WindowsApps;C:\Program Files (x86)\Microsoft VS Code\bin

Yarn version: 
  0.27.5

Node version: 
  8.1.3

Platform: 
  win32 x64

npm manifest: 
  {
    "name": "nest-typescript-starter",
    "version": "1.0.0",
    "description": "Nest TypeScript starter repository",
    "license": "MIT",
    "scripts": {
      "start": "node index.js",
      "prestart:prod": "tsc",
      "start:prod": "node dist/server.js"
    },
    "dependencies": {
      "@nestjs/common": "*",
      "@nestjs/core": "*",
      "@nestjs/microservices": "*",
      "@nestjs/testing": "*",
      "@nestjs/websockets": "*",
      "body-parser": "^1.17.2",
      "nuxt": "~1.0.0-alpha.5",
      "redis": "~2.7.1",
      "reflect-metadata": "~0.1.10",
      "rxjs": "~5.4.0",
      "vue": "2.3.4",
      "vue-server-renderer": "2.3.4",
      "vue-template-compiler": "2.3.4",
      "vuetify": "~0.14.5",
      "@nuxt/axios": "2.2.4"
    },
    "devDependencies": {
      "@types/node": "~8.0.14",
      "stylus": "~0.54.5",
      "stylus-loader": "^3.0.1",
      "ts-node": "~3.2.0",
      "tslint": "~5.5.0",
      "typescript": "~2.4.1"
    }
  }

yarn manifest: 
  No manifest

Lockfile: 
  No lockfile

Trace: 
  Error: https://registry.yarnpkg.com/@nuxt%2faxios: Not found
      at Request.params.callback [as _callback] (C:\Users\scyth\scoop\apps\yarn\0.27.5\Yarn\lib\yarn-cli.js:58200:18)
      at Request.self.callback (C:\Users\scyth\scoop\apps\yarn\0.27.5\Yarn\lib\yarn-cli.js:114242:22)
      at emitTwo (events.js:125:13)
      at Request.emit (events.js:213:7)
      at Request.<anonymous> (C:\Users\scyth\scoop\apps\yarn\0.27.5\Yarn\lib\yarn-cli.js:115225:10)
      at emitOne (events.js:115:13)
      at Request.emit (events.js:210:7)
      at IncomingMessage.<anonymous> (C:\Users\scyth\scoop\apps\yarn\0.27.5\Yarn\lib\yarn-cli.js:115145:12)
      at Object.onceWrapper (events.js:314:30)
      at emitNone (events.js:110:20)
